<?xml version="1.0" encoding="UTF-8"?>
<testng-results ignored="0" total="1" passed="1" failed="0" skipped="0">
  <reporter-output>
  </reporter-output>
  <suite started-at="2023-08-23T22:32:39 ICT" name="Default suite" finished-at="2023-08-23T22:32:39 ICT" duration-ms="764">
    <groups>
    </groups>
    <test started-at="2023-08-23T22:32:39 ICT" name="Default test" finished-at="2023-08-23T22:32:39 ICT" duration-ms="764">
      <class name="com.duan.checkconnectDTB.check">
        <test-method signature="testDatabaseConnection()[pri:0, instance:com.duan.checkconnectDTB.check@1df8da7a]" started-at="2023-08-23T22:32:39 ICT" name="testDatabaseConnection" finished-at="2023-08-23T22:32:39 ICT" duration-ms="694" status="PASS">
          <reporter-output>
          </reporter-output>
        </test-method> <!-- testDatabaseConnection -->
      </class> <!-- com.duan.checkconnectDTB.check -->
    </test> <!-- Default test -->
  </suite> <!-- Default suite -->
</testng-results>
